2025-02-05 09:46:13 [main] INFO  Module1_Login_Test.SwagLabLoginTest - ===== Test Suite Execution Started =====
2025-02-05 09:46:13 [main] INFO  Module1_Login_Test.SwagLabLoginTest - ------ Initializing Browser ------
2025-02-05 09:46:14 [main] INFO  LibraryFiles.BaseClass - Navigating to URL: https://www.saucedemo.com
2025-02-05 09:46:15 [main] INFO  Module1_Login_Test.SwagLabLoginTest - Browser initialized successfully.
2025-02-05 09:46:15 [main] INFO  Module1_Login_Test.SwagLabLoginTest - ------ POM Objects created ------
2025-02-05 09:46:15 [main] INFO  Module1_Login_Test.SwagLabLoginTest - ===== Starting Test: verifyLogoText =====
2025-02-05 09:46:15 [main] INFO  Module1_Login_Test.SwagLabLoginTest - Entering username...
2025-02-05 09:46:15 [main] INFO  Module1_Login_Test.SwagLabLoginTest - Entering password...
2025-02-05 09:46:15 [main] INFO  Module1_Login_Test.SwagLabLoginTest - Clicking on the login button...
2025-02-05 09:46:17 [main] INFO  Module1_Login_Test.SwagLabLoginTest - Test Passed: verifyLogoText
2025-02-05 09:46:17 [main] INFO  Module1_Login_Test.SwagLabLoginTest - ===== Test Completed: verifyLogoText =====
2025-02-05 09:46:18 [main] INFO  Module1_Login_Test.SwagLabLoginTest - Extent Report Generated Successfully!
2025-02-05 09:46:18 [main] INFO  Module1_Login_Test.SwagLabLoginTest - Test Passed: verifyLogoText
2025-02-05 09:46:18 [main] INFO  Module1_Login_Test.SwagLabLoginTest - Closing the browser...
2025-02-05 09:46:18 [main] INFO  Module1_Login_Test.SwagLabLoginTest - Browser closed successfully.
2025-02-05 19:49:09 [main] INFO  Module1_Login_Test.SwagLabLoginTest - ===== Test Suite Execution Started =====
2025-02-05 19:49:09 [main] INFO  Module1_Login_Test.SwagLabLoginTest - ------ Initializing Browser ------
2025-02-05 19:49:13 [main] INFO  LibraryFiles.BaseClass - Navigating to URL: https://www.saucedemo.com
2025-02-05 19:49:14 [main] INFO  Module1_Login_Test.SwagLabLoginTest - Browser initialized successfully.
2025-02-05 19:49:14 [main] INFO  Module1_Login_Test.SwagLabLoginTest - Initialize Page Object after browser launch
2025-02-05 19:49:14 [main] INFO  Module1_Login_Test.SwagLabLoginTest - ------ POM Objects created ------
2025-02-05 19:49:14 [main] INFO  Module1_Login_Test.SwagLabLoginTest - ===== Starting Test: verifyLogoText =====
2025-02-05 19:49:14 [main] INFO  Module1_Login_Test.SwagLabLoginTest - Entering username...
2025-02-05 19:49:14 [main] INFO  Module1_Login_Test.SwagLabLoginTest - Entering password...
2025-02-05 19:49:15 [main] INFO  Module1_Login_Test.SwagLabLoginTest - Clicking on the login button...
2025-02-05 19:49:17 [main] INFO  Module1_Login_Test.SwagLabLoginTest - Test Passed: TestLogin
2025-02-05 19:49:17 [main] INFO  Module1_Login_Test.SwagLabLoginTest - ===== Test Completed: TestLogin =====
2025-02-05 19:49:17 [main] INFO  Module1_Login_Test.SwagLabLoginTest - Extent Report Generated Successfully!
2025-02-05 19:49:17 [main] INFO  Module1_Login_Test.SwagLabLoginTest - Test Passed: TestLogin
2025-02-05 19:49:17 [main] INFO  Module1_Login_Test.SwagLabLoginTest - Extent Report Generated Successfully!
2025-02-05 19:49:17 [main] ERROR Module1_Login_Test.SwagLabLoginTest - Test Failed: verifyLogoText
2025-02-05 19:50:39 [main] INFO  Module1_Login_Test.SwagLabLoginTest - ===== Test Suite Execution Started =====
2025-02-05 19:50:39 [main] INFO  Module1_Login_Test.SwagLabLoginTest - ------ Initializing Browser ------
2025-02-05 19:50:41 [main] INFO  LibraryFiles.BaseClass - Navigating to URL: https://www.saucedemo.com
2025-02-05 19:50:42 [main] INFO  Module1_Login_Test.SwagLabLoginTest - Browser initialized successfully.
2025-02-05 19:50:42 [main] INFO  Module1_Login_Test.SwagLabLoginTest - Initialize Page Object after browser launch
2025-02-05 19:50:42 [main] INFO  Module1_Login_Test.SwagLabLoginTest - ------ POM Objects created ------
2025-02-05 19:50:42 [main] INFO  Module1_Login_Test.SwagLabLoginTest - ===== Starting Test: verifyLogoText =====
2025-02-05 19:50:43 [main] INFO  Module1_Login_Test.SwagLabLoginTest - Entering username...
2025-02-05 19:50:43 [main] INFO  Module1_Login_Test.SwagLabLoginTest - Entering password...
2025-02-05 19:50:43 [main] INFO  Module1_Login_Test.SwagLabLoginTest - Clicking on the login button...
2025-02-05 19:50:45 [main] INFO  Module1_Login_Test.SwagLabLoginTest - Test Passed: TestLogin
2025-02-05 19:50:45 [main] INFO  Module1_Login_Test.SwagLabLoginTest - ===== Test Completed: TestLogin =====
2025-02-05 19:50:46 [main] INFO  Module1_Login_Test.SwagLabLoginTest - Extent Report Generated Successfully!
2025-02-05 19:50:46 [main] INFO  Module1_Login_Test.SwagLabLoginTest - Test Passed: TestLogin
2025-02-05 19:50:46 [main] INFO  Module1_Login_Test.SwagLabLoginTest - Closing the browser...
2025-02-05 19:50:46 [main] INFO  Module1_Login_Test.SwagLabLoginTest - Browser closed successfully.
2025-02-05 20:04:06 [main] INFO  Module1_Login_Test.SwagLabLoginTest - ===== Test Suite Execution Started =====
2025-02-05 20:04:25 [main] INFO  Module1_Login_Test.SwagLabLoginTest - ===== Test Suite Execution Started =====
2025-02-05 20:04:25 [main] INFO  Module1_Login_Test.SwagLabLoginTest - ------ Initializing Browser ------
2025-02-05 20:04:27 [main] INFO  LibraryFiles.BaseClass - Navigating to URL: https://www.saucedemo.com
2025-02-05 20:04:28 [main] INFO  Module1_Login_Test.SwagLabLoginTest - Browser initialized successfully.
2025-02-05 20:04:28 [main] INFO  Module1_Login_Test.SwagLabLoginTest - Initialize Page Object after browser launch
2025-02-05 20:04:28 [main] INFO  Module1_Login_Test.SwagLabLoginTest - ------ POM Objects created ------
2025-02-05 20:04:28 [main] INFO  Module1_Login_Test.SwagLabLoginTest - ===== Starting Test: verifyLogoText =====
2025-02-05 20:04:28 [main] INFO  Module1_Login_Test.SwagLabLoginTest - Entering username...
2025-02-05 20:04:28 [main] INFO  Module1_Login_Test.SwagLabLoginTest - Entering password...
2025-02-05 20:04:29 [main] INFO  Module1_Login_Test.SwagLabLoginTest - Clicking on the login button...
2025-02-05 20:04:31 [main] INFO  Module1_Login_Test.SwagLabLoginTest - Test Passed: TestLogin
2025-02-05 20:04:31 [main] INFO  Module1_Login_Test.SwagLabLoginTest - ===== Test Completed: TestLogin =====
2025-02-05 20:04:31 [main] INFO  Module1_Login_Test.SwagLabLoginTest - Extent Report Generated Successfully!
2025-02-05 20:04:31 [main] INFO  Module1_Login_Test.SwagLabLoginTest - Test Passed: TestLogin
2025-02-05 20:04:31 [main] INFO  Module1_Login_Test.SwagLabLoginTest - Closing the browser...
2025-02-05 20:04:31 [main] INFO  Module1_Login_Test.SwagLabLoginTest - Browser closed successfully.
2025-02-05 20:13:04 [main] INFO  Module1_Login_Test.SwagLabLoginTest - ===== Test Suite Execution Started =====
2025-02-05 20:13:04 [main] INFO  Module1_Login_Test.SwagLabLoginTest - ------ Initializing Browser ------
2025-02-05 20:13:06 [main] INFO  LibraryFiles.BaseClass - Navigating to URL: https://www.saucedemo.com
2025-02-05 20:13:07 [main] INFO  Module1_Login_Test.SwagLabLoginTest - Browser initialized successfully.
2025-02-05 20:13:07 [main] INFO  Module1_Login_Test.SwagLabLoginTest - Initialize Page Object after browser launch
2025-02-05 20:13:07 [main] INFO  Module1_Login_Test.SwagLabLoginTest - ------ POM Objects created ------
2025-02-05 20:13:07 [main] INFO  Module1_Login_Test.SwagLabLoginTest - ===== Starting Test: TestLogin =====
2025-02-05 20:13:07 [main] INFO  Module1_Login_Test.SwagLabLoginTest - Entering username...
2025-02-05 20:13:07 [main] INFO  Module1_Login_Test.SwagLabLoginTest - Entering password...
2025-02-05 20:13:07 [main] INFO  Module1_Login_Test.SwagLabLoginTest - Clicking on the login button...
2025-02-05 20:13:10 [main] INFO  Module1_Login_Test.SwagLabLoginTest - Test Passed: TestLogin
2025-02-05 20:13:10 [main] INFO  Module1_Login_Test.SwagLabLoginTest - ===== Test Completed: TestLogin =====
2025-02-05 20:13:10 [main] INFO  Module1_Login_Test.SwagLabLoginTest - Extent Report Generated Successfully!
2025-02-05 20:13:10 [main] INFO  Module1_Login_Test.SwagLabLoginTest - Test Passed: TestLogin
2025-02-05 20:13:10 [main] INFO  Module1_Login_Test.SwagLabLoginTest - Closing the browser...
2025-02-05 20:13:10 [main] INFO  Module1_Login_Test.SwagLabLoginTest - Browser closed successfully.
2025-02-05 21:21:32 [main] INFO  Module1_Login_Test.SwagLabLoginTest - ===== Test Suite Execution Started =====
2025-02-05 21:21:32 [main] INFO  Module1_Login_Test.SwagLabLoginTest - ------ Initializing Browser ------
2025-02-05 21:21:34 [main] INFO  LibraryFiles.BaseClass - Navigating to URL: https://www.saucedemo.com
2025-02-05 21:21:35 [main] INFO  Module1_Login_Test.SwagLabLoginTest - Browser initialized successfully.
2025-02-05 21:21:35 [main] INFO  Module1_Login_Test.SwagLabLoginTest - Initialize Page Object after browser launch
2025-02-05 21:21:35 [main] INFO  Module1_Login_Test.SwagLabLoginTest - ------ POM Objects created ------
2025-02-05 21:21:35 [main] INFO  Module1_Login_Test.SwagLabLoginTest - ===== Starting Test: TestLogin =====
2025-02-05 21:21:35 [main] INFO  Module1_Login_Test.SwagLabLoginTest - Entering username...
2025-02-05 21:21:36 [main] INFO  Module1_Login_Test.SwagLabLoginTest - Entering password...
2025-02-05 21:21:36 [main] INFO  Module1_Login_Test.SwagLabLoginTest - Clicking on the login button...
2025-02-05 21:21:38 [main] INFO  Module1_Login_Test.SwagLabLoginTest - Test Passed: TestLogin
2025-02-05 21:21:38 [main] INFO  Module1_Login_Test.SwagLabLoginTest - ===== Test Completed: TestLogin =====
2025-02-05 21:21:38 [main] INFO  Module1_Login_Test.SwagLabLoginTest - Extent Report Generated Successfully!
2025-02-05 21:21:38 [main] INFO  Module1_Login_Test.SwagLabLoginTest - Test Passed: TestLogin
2025-02-05 21:21:38 [main] INFO  Module1_Login_Test.SwagLabLoginTest - Closing the browser...
2025-02-05 21:21:39 [main] INFO  Module1_Login_Test.SwagLabLoginTest - Browser closed successfully.
2025-02-06 19:33:27 [main] INFO  LibraryFiles.BaseClass - Navigating to URL: https://www.saucedemo.com
2025-02-06 19:35:41 [main] INFO  LibraryFiles.BaseClass - Navigating to URL: https://www.saucedemo.com
2025-02-06 19:36:22 [main] INFO  LibraryFiles.BaseClass - Navigating to URL: https://www.saucedemo.com
2025-02-06 19:42:36 [main] INFO  LibraryFiles.BaseClass - Navigating to URL: https://www.saucedemo.com
2025-02-06 19:48:01 [main] INFO  LibraryFiles.BaseClass - Navigating to URL: https://www.saucedemo.com
2025-02-06 20:15:37 [main] INFO  LibraryFiles.BaseClass - Navigating to URL: https://www.saucedemo.com
2025-02-06 20:33:48 [main] INFO  LibraryFiles.BaseClass - Navigating to URL: https://www.saucedemo.com
